<?xml version="1.0" encoding="UTF-8" ?>
<testsuite failures="0" time="0.385" errors="1" skipped="0" tests="1" name="org.jclouds.vfs.provider.blobstore.test.BlobStoreProviderTestCase">
  <properties>
    <property name="java.runtime.name" value="Java(TM) SE Runtime Environment"/>
    <property name="sun.boot.library.path" value="/System/Library/Java/JavaVirtualMachines/1.6.0.jdk/Contents/Libraries"/>
    <property name="java.vm.version" value="17.1-b03-307"/>
    <property name="awt.nativeDoubleBuffering" value="true"/>
    <property name="gopherProxySet" value="false"/>
    <property name="mrj.build" value="10M3261"/>
    <property name="java.vm.vendor" value="Apple Inc."/>
    <property name="java.vendor.url" value="http://www.apple.com/"/>
    <property name="path.separator" value=":"/>
    <property name="java.vm.name" value="Java HotSpot(TM) 64-Bit Server VM"/>
    <property name="file.encoding.pkg" value="sun.io"/>
    <property name="user.country" value="US"/>
    <property name="sun.java.launcher" value="SUN_STANDARD"/>
    <property name="sun.os.patch.level" value="unknown"/>
    <property name="java.vm.specification.name" value="Java Virtual Machine Specification"/>
    <property name="user.dir" value="/Users/jheytompkins/Cloudsoft/jclouds-commons-vfs"/>
    <property name="java.runtime.version" value="1.6.0_22-b04-307-10M3261"/>
    <property name="java.awt.graphicsenv" value="apple.awt.CGraphicsEnvironment"/>
    <property name="basedir" value="/Users/jheytompkins/Cloudsoft/jclouds-commons-vfs"/>
    <property name="java.endorsed.dirs" value="/System/Library/Java/JavaVirtualMachines/1.6.0.jdk/Contents/Home/lib/endorsed"/>
    <property name="os.arch" value="x86_64"/>
    <property name="surefire.real.class.path" value="/var/folders/3u/3uP-YdyhF3u5VGBgRTJsDE+++TI/-Tmp-/surefirebooter3835514290882258840.jar"/>
    <property name="java.io.tmpdir" value="/var/folders/3u/3uP-YdyhF3u5VGBgRTJsDE+++TI/-Tmp-/"/>
    <property name="line.separator" value="
"/>
    <property name="java.vm.specification.vendor" value="Sun Microsystems Inc."/>
    <property name="os.name" value="Mac OS X"/>
    <property name="sun.jnu.encoding" value="MacRoman"/>
    <property name="java.library.path" value=".:/Library/Java/Extensions:/System/Library/Java/Extensions:/usr/lib/java"/>
    <property name="surefire.test.class.path" value="/Users/jheytompkins/Cloudsoft/jclouds-commons-vfs/target/test-classes:/Users/jheytompkins/Cloudsoft/jclouds-commons-vfs/target/classes:/Users/jheytompkins/.m2/repository/org/apache/commons/commons-vfs2/2.0/commons-vfs2-2.0.jar:/Users/jheytompkins/.m2/repository/commons-logging/commons-logging/1.1.1/commons-logging-1.1.1.jar:/Users/jheytompkins/.m2/repository/org/apache/maven/scm/maven-scm-api/1.4/maven-scm-api-1.4.jar:/Users/jheytompkins/.m2/repository/org/codehaus/plexus/plexus-utils/1.5.6/plexus-utils-1.5.6.jar:/Users/jheytompkins/.m2/repository/org/apache/maven/scm/maven-scm-provider-svnexe/1.4/maven-scm-provider-svnexe-1.4.jar:/Users/jheytompkins/.m2/repository/org/apache/maven/scm/maven-scm-provider-svn-commons/1.4/maven-scm-provider-svn-commons-1.4.jar:/Users/jheytompkins/.m2/repository/regexp/regexp/1.3/regexp-1.3.jar:/Users/jheytompkins/.m2/repository/junit/junit/4.10/junit-4.10.jar:/Users/jheytompkins/.m2/repository/org/hamcrest/hamcrest-core/1.1/hamcrest-core-1.1.jar:/Users/jheytompkins/.m2/repository/org/jclouds/jclouds-blobstore/1.1.1/jclouds-blobstore-1.1.1.jar:/Users/jheytompkins/.m2/repository/org/jclouds/jclouds-core/1.1.1/jclouds-core-1.1.1.jar:/Users/jheytompkins/.m2/repository/net/oauth/core/oauth/20100527/oauth-20100527.jar:/Users/jheytompkins/.m2/repository/aopalliance/aopalliance/1.0/aopalliance-1.0.jar:/Users/jheytompkins/.m2/repository/com/sun/jersey/jersey-core/1.6/jersey-core-1.6.jar:/Users/jheytompkins/.m2/repository/com/google/inject/extensions/guice-assistedinject/3.0/guice-assistedinject-3.0.jar:/Users/jheytompkins/.m2/repository/com/google/inject/guice/3.0/guice-3.0.jar:/Users/jheytompkins/.m2/repository/javax/inject/javax.inject/1/javax.inject-1.jar:/Users/jheytompkins/.m2/repository/javax/annotation/jsr250-api/1.0/jsr250-api-1.0.jar:/Users/jheytompkins/.m2/repository/com/google/code/gson/gson/1.7.1/gson-1.7.1.jar:/Users/jheytompkins/.m2/repository/com/google/guava/guava/r09/guava-r09.jar:/Users/jheytompkins/.m2/repository/com/google/code/findbugs/jsr305/1.3.9/jsr305-1.3.9.jar:/Users/jheytompkins/.m2/repository/org/jclouds/jclouds-allblobstore/1.1.1/jclouds-allblobstore-1.1.1.jar:/Users/jheytompkins/.m2/repository/org/jclouds/api/s3/1.1.1/s3-1.1.1.jar:/Users/jheytompkins/.m2/repository/com/jamesmurty/utils/java-xmlbuilder/0.3/java-xmlbuilder-0.3.jar:/Users/jheytompkins/.m2/repository/org/jclouds/common/aws-common/1.1.1/aws-common-1.1.1.jar:/Users/jheytompkins/.m2/repository/org/jclouds/provider/aws-s3/1.1.1/aws-s3-1.1.1.jar:/Users/jheytompkins/.m2/repository/org/jclouds/provider/ninefold-storage/1.1.1/ninefold-storage-1.1.1.jar:/Users/jheytompkins/.m2/repository/org/jclouds/provider/synaptic-storage/1.1.1/synaptic-storage-1.1.1.jar:/Users/jheytompkins/.m2/repository/org/jclouds/provider/cloudonestorage/1.1.1/cloudonestorage-1.1.1.jar:/Users/jheytompkins/.m2/repository/org/jclouds/api/walrus/1.1.1/walrus-1.1.1.jar:/Users/jheytompkins/.m2/repository/org/jclouds/provider/eucalyptus-partnercloud-s3/1.1.1/eucalyptus-partnercloud-s3-1.1.1.jar:/Users/jheytompkins/.m2/repository/org/jclouds/provider/azureblob/1.1.1/azureblob-1.1.1.jar:/Users/jheytompkins/.m2/repository/org/jclouds/common/azure-common/1.1.1/azure-common-1.1.1.jar:/Users/jheytompkins/.m2/repository/org/jclouds/api/atmos/1.1.1/atmos-1.1.1.jar:/Users/jheytompkins/.m2/repository/org/jclouds/api/swift/1.1.1/swift-1.1.1.jar:/Users/jheytompkins/.m2/repository/org/jclouds/common/openstack-common/1.1.1/openstack-common-1.1.1.jar:/Users/jheytompkins/.m2/repository/org/jclouds/api/cloudfiles/1.1.1/cloudfiles-1.1.1.jar:/Users/jheytompkins/.m2/repository/org/jclouds/provider/cloudfiles-us/1.1.1/cloudfiles-us-1.1.1.jar:/Users/jheytompkins/.m2/repository/org/jclouds/provider/cloudfiles-uk/1.1.1/cloudfiles-uk-1.1.1.jar:/Users/jheytompkins/.m2/repository/org/jclouds/api/filesystem/1.1.1/filesystem-1.1.1.jar:/Users/jheytompkins/.m2/repository/commons-io/commons-io/1.4/commons-io-1.4.jar:/Users/jheytompkins/.m2/repository/org/jclouds/driver/jclouds-netty/1.1.1/jclouds-netty-1.1.1.jar:/Users/jheytompkins/.m2/repository/org/jboss/netty/netty/3.2.4.Final/netty-3.2.4.Final.jar:/Users/jheytompkins/.m2/repository/org/jclouds/driver/jclouds-apachehc/1.1.1/jclouds-apachehc-1.1.1.jar:/Users/jheytompkins/.m2/repository/org/apache/httpcomponents/httpclient/4.1.1/httpclient-4.1.1.jar:/Users/jheytompkins/.m2/repository/org/apache/httpcomponents/httpcore/4.1/httpcore-4.1.jar:/Users/jheytompkins/.m2/repository/commons-codec/commons-codec/1.4/commons-codec-1.4.jar:/Users/jheytompkins/.m2/repository/org/jclouds/driver/jclouds-log4j/1.1.1/jclouds-log4j-1.1.1.jar:/Users/jheytompkins/.m2/repository/log4j/log4j/1.2.16/log4j-1.2.16.jar:/Users/jheytompkins/.m2/repository/org/jclouds/driver/jclouds-slf4j/1.1.1/jclouds-slf4j-1.1.1.jar:/Users/jheytompkins/.m2/repository/org/slf4j/slf4j-api/1.6.1/slf4j-api-1.6.1.jar:/Users/jheytompkins/.m2/repository/org/apache/commons/commons-vfs2/2.0/commons-vfs2-2.0-tests.jar:"/>
    <property name="java.specification.name" value="Java Platform API Specification"/>
    <property name="java.class.version" value="50.0"/>
    <property name="sun.management.compiler" value="HotSpot 64-Bit Server Compiler"/>
    <property name="os.version" value="10.6.5"/>
    <property name="http.nonProxyHosts" value="local|*.local|169.254/16|*.169.254/16"/>
    <property name="user.home" value="/Users/jheytompkins"/>
    <property name="user.timezone" value="Europe/London"/>
    <property name="java.awt.printerjob" value="apple.awt.CPrinterJob"/>
    <property name="java.specification.version" value="1.6"/>
    <property name="file.encoding" value="MacRoman"/>
    <property name="user.name" value="jheytompkins"/>
    <property name="java.class.path" value="/Users/jheytompkins/Cloudsoft/jclouds-commons-vfs/target/test-classes:/Users/jheytompkins/Cloudsoft/jclouds-commons-vfs/target/classes:/Users/jheytompkins/.m2/repository/org/apache/commons/commons-vfs2/2.0/commons-vfs2-2.0.jar:/Users/jheytompkins/.m2/repository/commons-logging/commons-logging/1.1.1/commons-logging-1.1.1.jar:/Users/jheytompkins/.m2/repository/org/apache/maven/scm/maven-scm-api/1.4/maven-scm-api-1.4.jar:/Users/jheytompkins/.m2/repository/org/codehaus/plexus/plexus-utils/1.5.6/plexus-utils-1.5.6.jar:/Users/jheytompkins/.m2/repository/org/apache/maven/scm/maven-scm-provider-svnexe/1.4/maven-scm-provider-svnexe-1.4.jar:/Users/jheytompkins/.m2/repository/org/apache/maven/scm/maven-scm-provider-svn-commons/1.4/maven-scm-provider-svn-commons-1.4.jar:/Users/jheytompkins/.m2/repository/regexp/regexp/1.3/regexp-1.3.jar:/Users/jheytompkins/.m2/repository/junit/junit/4.10/junit-4.10.jar:/Users/jheytompkins/.m2/repository/org/hamcrest/hamcrest-core/1.1/hamcrest-core-1.1.jar:/Users/jheytompkins/.m2/repository/org/jclouds/jclouds-blobstore/1.1.1/jclouds-blobstore-1.1.1.jar:/Users/jheytompkins/.m2/repository/org/jclouds/jclouds-core/1.1.1/jclouds-core-1.1.1.jar:/Users/jheytompkins/.m2/repository/net/oauth/core/oauth/20100527/oauth-20100527.jar:/Users/jheytompkins/.m2/repository/aopalliance/aopalliance/1.0/aopalliance-1.0.jar:/Users/jheytompkins/.m2/repository/com/sun/jersey/jersey-core/1.6/jersey-core-1.6.jar:/Users/jheytompkins/.m2/repository/com/google/inject/extensions/guice-assistedinject/3.0/guice-assistedinject-3.0.jar:/Users/jheytompkins/.m2/repository/com/google/inject/guice/3.0/guice-3.0.jar:/Users/jheytompkins/.m2/repository/javax/inject/javax.inject/1/javax.inject-1.jar:/Users/jheytompkins/.m2/repository/javax/annotation/jsr250-api/1.0/jsr250-api-1.0.jar:/Users/jheytompkins/.m2/repository/com/google/code/gson/gson/1.7.1/gson-1.7.1.jar:/Users/jheytompkins/.m2/repository/com/google/guava/guava/r09/guava-r09.jar:/Users/jheytompkins/.m2/repository/com/google/code/findbugs/jsr305/1.3.9/jsr305-1.3.9.jar:/Users/jheytompkins/.m2/repository/org/jclouds/jclouds-allblobstore/1.1.1/jclouds-allblobstore-1.1.1.jar:/Users/jheytompkins/.m2/repository/org/jclouds/api/s3/1.1.1/s3-1.1.1.jar:/Users/jheytompkins/.m2/repository/com/jamesmurty/utils/java-xmlbuilder/0.3/java-xmlbuilder-0.3.jar:/Users/jheytompkins/.m2/repository/org/jclouds/common/aws-common/1.1.1/aws-common-1.1.1.jar:/Users/jheytompkins/.m2/repository/org/jclouds/provider/aws-s3/1.1.1/aws-s3-1.1.1.jar:/Users/jheytompkins/.m2/repository/org/jclouds/provider/ninefold-storage/1.1.1/ninefold-storage-1.1.1.jar:/Users/jheytompkins/.m2/repository/org/jclouds/provider/synaptic-storage/1.1.1/synaptic-storage-1.1.1.jar:/Users/jheytompkins/.m2/repository/org/jclouds/provider/cloudonestorage/1.1.1/cloudonestorage-1.1.1.jar:/Users/jheytompkins/.m2/repository/org/jclouds/api/walrus/1.1.1/walrus-1.1.1.jar:/Users/jheytompkins/.m2/repository/org/jclouds/provider/eucalyptus-partnercloud-s3/1.1.1/eucalyptus-partnercloud-s3-1.1.1.jar:/Users/jheytompkins/.m2/repository/org/jclouds/provider/azureblob/1.1.1/azureblob-1.1.1.jar:/Users/jheytompkins/.m2/repository/org/jclouds/common/azure-common/1.1.1/azure-common-1.1.1.jar:/Users/jheytompkins/.m2/repository/org/jclouds/api/atmos/1.1.1/atmos-1.1.1.jar:/Users/jheytompkins/.m2/repository/org/jclouds/api/swift/1.1.1/swift-1.1.1.jar:/Users/jheytompkins/.m2/repository/org/jclouds/common/openstack-common/1.1.1/openstack-common-1.1.1.jar:/Users/jheytompkins/.m2/repository/org/jclouds/api/cloudfiles/1.1.1/cloudfiles-1.1.1.jar:/Users/jheytompkins/.m2/repository/org/jclouds/provider/cloudfiles-us/1.1.1/cloudfiles-us-1.1.1.jar:/Users/jheytompkins/.m2/repository/org/jclouds/provider/cloudfiles-uk/1.1.1/cloudfiles-uk-1.1.1.jar:/Users/jheytompkins/.m2/repository/org/jclouds/api/filesystem/1.1.1/filesystem-1.1.1.jar:/Users/jheytompkins/.m2/repository/commons-io/commons-io/1.4/commons-io-1.4.jar:/Users/jheytompkins/.m2/repository/org/jclouds/driver/jclouds-netty/1.1.1/jclouds-netty-1.1.1.jar:/Users/jheytompkins/.m2/repository/org/jboss/netty/netty/3.2.4.Final/netty-3.2.4.Final.jar:/Users/jheytompkins/.m2/repository/org/jclouds/driver/jclouds-apachehc/1.1.1/jclouds-apachehc-1.1.1.jar:/Users/jheytompkins/.m2/repository/org/apache/httpcomponents/httpclient/4.1.1/httpclient-4.1.1.jar:/Users/jheytompkins/.m2/repository/org/apache/httpcomponents/httpcore/4.1/httpcore-4.1.jar:/Users/jheytompkins/.m2/repository/commons-codec/commons-codec/1.4/commons-codec-1.4.jar:/Users/jheytompkins/.m2/repository/org/jclouds/driver/jclouds-log4j/1.1.1/jclouds-log4j-1.1.1.jar:/Users/jheytompkins/.m2/repository/log4j/log4j/1.2.16/log4j-1.2.16.jar:/Users/jheytompkins/.m2/repository/org/jclouds/driver/jclouds-slf4j/1.1.1/jclouds-slf4j-1.1.1.jar:/Users/jheytompkins/.m2/repository/org/slf4j/slf4j-api/1.6.1/slf4j-api-1.6.1.jar:/Users/jheytompkins/.m2/repository/org/apache/commons/commons-vfs2/2.0/commons-vfs2-2.0-tests.jar:"/>
    <property name="java.vm.specification.version" value="1.0"/>
    <property name="sun.arch.data.model" value="64"/>
    <property name="java.home" value="/System/Library/Java/JavaVirtualMachines/1.6.0.jdk/Contents/Home"/>
    <property name="java.specification.vendor" value="Sun Microsystems Inc."/>
    <property name="user.language" value="en"/>
    <property name="test.basedir" value="target/test-data"/>
    <property name="awt.toolkit" value="apple.awt.CToolkit"/>
    <property name="java.vm.info" value="mixed mode"/>
    <property name="java.version" value="1.6.0_22"/>
    <property name="java.ext.dirs" value="/Library/Java/Extensions:/System/Library/Java/Extensions:/System/Library/Java/JavaVirtualMachines/1.6.0.jdk/Contents/Home/lib/ext"/>
    <property name="sun.boot.class.path" value="/System/Library/Java/JavaVirtualMachines/1.6.0.jdk/Contents/Classes/jsfd.jar:/System/Library/Java/JavaVirtualMachines/1.6.0.jdk/Contents/Classes/classes.jar:/System/Library/Frameworks/JavaVM.framework/Frameworks/JavaRuntimeSupport.framework/Resources/Java/JavaRuntimeSupport.jar:/System/Library/Java/JavaVirtualMachines/1.6.0.jdk/Contents/Classes/ui.jar:/System/Library/Java/JavaVirtualMachines/1.6.0.jdk/Contents/Classes/laf.jar:/System/Library/Java/JavaVirtualMachines/1.6.0.jdk/Contents/Classes/sunrsasign.jar:/System/Library/Java/JavaVirtualMachines/1.6.0.jdk/Contents/Classes/jsse.jar:/System/Library/Java/JavaVirtualMachines/1.6.0.jdk/Contents/Classes/jce.jar:/System/Library/Java/JavaVirtualMachines/1.6.0.jdk/Contents/Classes/charsets.jar"/>
    <property name="test.basedir.res" value="target/test-data"/>
    <property name="java.vendor" value="Apple Inc."/>
    <property name="localRepository" value="/Users/jheytompkins/.m2/repository"/>
    <property name="file.separator" value="/"/>
    <property name="java.vendor.url.bug" value="http://bugreport.apple.com/"/>
    <property name="sun.cpu.endian" value="little"/>
    <property name="sun.io.unicode.encoding" value="UnicodeLittle"/>
    <property name="mrj.version" value="1060.1.6.0_22-307"/>
    <property name="socksNonProxyHosts" value="local|*.local|169.254/16|*.169.254/16"/>
    <property name="ftp.nonProxyHosts" value="local|*.local|169.254/16|*.169.254/16"/>
    <property name="sun.cpu.isalist" value=""/>
  </properties>
  <testcase time="0" classname="org.jclouds.vfs.provider.blobstore.test.BlobStoreProviderTestSuite" name="junit.framework.TestSuite@49938039">
    <error message="The specified provider &quot;blobstore://stub/stub/&quot; is either not configured or supported. Currently configured providers are:
  [synaptic-storage, cloudonestorage, eucalyptus-partnercloud-s3, cloudfiles-us, swift, transient, aws-s3, cloudfiles-uk, walrus, atmos, filesystem, azureblob, ninefold-storage]
Check this list, as the provider name may have changed. If you are sure that provider name is correct, check that your project has a dependency on org.jclouds.provider/blobstore://stub/stub/, or on org.jclouds/jclouds-all." type="java.lang.IllegalArgumentException">java.lang.IllegalArgumentException: The specified provider &quot;blobstore://stub/stub/&quot; is either not configured or supported. Currently configured providers are:
  [synaptic-storage, cloudonestorage, eucalyptus-partnercloud-s3, cloudfiles-us, swift, transient, aws-s3, cloudfiles-uk, walrus, atmos, filesystem, azureblob, ninefold-storage]
Check this list, as the provider name may have changed. If you are sure that provider name is correct, check that your project has a dependency on org.jclouds.provider/blobstore://stub/stub/, or on org.jclouds/jclouds-all.
	at org.jclouds.rest.RestContextFactory.createContextSpec(RestContextFactory.java:309)
	at org.jclouds.rest.RestContextFactory.createContextBuilder(RestContextFactory.java:233)
	at org.jclouds.rest.RestContextFactory.createContextBuilder(RestContextFactory.java:212)
	at org.jclouds.blobstore.BlobStoreContextFactory.createContext(BlobStoreContextFactory.java:109)
	at org.jclouds.vfs.provider.blobstore.BlobStoreFileProvider.doCreateFileSystem(BlobStoreFileProvider.java:84)
	at org.apache.commons.vfs2.provider.AbstractOriginatingFileProvider.getFileSystem(AbstractOriginatingFileProvider.java:103)
	at org.apache.commons.vfs2.provider.AbstractOriginatingFileProvider.findFile(AbstractOriginatingFileProvider.java:81)
	at org.apache.commons.vfs2.provider.AbstractOriginatingFileProvider.findFile(AbstractOriginatingFileProvider.java:65)
	at org.apache.commons.vfs2.impl.DefaultFileSystemManager.resolveFile(DefaultFileSystemManager.java:693)
	at org.apache.commons.vfs2.impl.DefaultFileSystemManager.resolveFile(DefaultFileSystemManager.java:649)
	at org.apache.commons.vfs2.impl.DefaultFileSystemManager.resolveFile(DefaultFileSystemManager.java:605)
	at org.jclouds.vfs.provider.blobstore.test.BlobStoreProviderTestCase.setUpTests(BlobStoreProviderTestCase.java:71)
	at org.jclouds.vfs.provider.blobstore.test.BlobStoreProviderTestCase.getBaseTestFolder(BlobStoreProviderTestCase.java:66)
	at org.apache.commons.vfs2.test.AbstractTestSuite.setUp(AbstractTestSuite.java:169)
	at junit.extensions.TestSetup$1.protect(TestSetup.java:22)
	at junit.framework.TestResult.runProtected(TestResult.java:128)
	at junit.extensions.TestSetup.run(TestSetup.java:27)
	at org.junit.internal.runners.JUnit38ClassRunner.run(JUnit38ClassRunner.java:83)
	at org.apache.maven.surefire.junit4.JUnit4TestSet.execute(JUnit4TestSet.java:62)
	at org.apache.maven.surefire.suite.AbstractDirectoryTestSuite.executeTestSet(AbstractDirectoryTestSuite.java:140)
	at org.apache.maven.surefire.suite.AbstractDirectoryTestSuite.execute(AbstractDirectoryTestSuite.java:127)
	at org.apache.maven.surefire.Surefire.run(Surefire.java:177)
	at sun.reflect.NativeMethodAccessorImpl.invoke0(Native Method)
	at sun.reflect.NativeMethodAccessorImpl.invoke(NativeMethodAccessorImpl.java:39)
	at sun.reflect.DelegatingMethodAccessorImpl.invoke(DelegatingMethodAccessorImpl.java:25)
	at java.lang.reflect.Method.invoke(Method.java:597)
	at org.apache.maven.surefire.booter.SurefireBooter.runSuitesInProcess(SurefireBooter.java:345)
	at org.apache.maven.surefire.booter.SurefireBooter.main(SurefireBooter.java:1009)
Caused by: java.lang.IllegalArgumentException: please configure contextbuilder class for blobstore://stub/stub/
	at com.google.common.base.Preconditions.checkArgument(Preconditions.java:88)
	at org.jclouds.rest.Providers.resolveContextBuilderClass(Providers.java:119)
	at org.jclouds.rest.RestContextFactory.createContextSpec(RestContextFactory.java:304)
	... 27 more
</error>
  </testcase>
</testsuite>